  RoboCatClientPCH.cpp
  HealthPotionClient.cpp
c1xx : fatal error C1083: Cannot open source file: 'HealthPotionClient.cpp': No such file or directory
  SpeedPotionClient.cpp
c1xx : fatal error C1083: Cannot open source file: 'SpeedPotionClient.cpp': No such file or directory
  YarnClient.cpp
  Client.cpp
  ClientMain.cpp
  GraphicsDriver.cpp
  HUD.cpp
  InputManager.cpp
  NetworkManagerClient.cpp
  RenderManager.cpp
  ReplicationManagerClient.cpp
  RoboCatClient.cpp
  SpriteComponent.cpp
  Texture.cpp
  TextureManager.cpp
  MouseClient.cpp
  WindowManager.cpp
  Generating Code...
