c:\users\b\documents\github\ics167-robocat\robocatclient\debug\robocatclient.pch
c:\users\b\documents\github\ics167-robocat\robocatclient\debug\vc141.pdb
c:\users\b\documents\github\ics167-robocat\robocatclient\debug\vc141.idb
c:\users\b\documents\github\ics167-robocat\robocatclient\debug\robocatclientpch.obj
c:\users\b\documents\github\ics167-robocat\robocatclient\debug\windowmanager.obj
c:\users\b\documents\github\ics167-robocat\robocatclient\debug\mouseclient.obj
c:\users\b\documents\github\ics167-robocat\robocatclient\debug\texturemanager.obj
c:\users\b\documents\github\ics167-robocat\robocatclient\debug\texture.obj
c:\users\b\documents\github\ics167-robocat\robocatclient\debug\spritecomponent.obj
c:\users\b\documents\github\ics167-robocat\robocatclient\debug\robocatclient.obj
c:\users\b\documents\github\ics167-robocat\robocatclient\debug\replicationmanagerclient.obj
c:\users\b\documents\github\ics167-robocat\robocatclient\debug\rendermanager.obj
c:\users\b\documents\github\ics167-robocat\robocatclient\debug\networkmanagerclient.obj
c:\users\b\documents\github\ics167-robocat\robocatclient\debug\inputmanager.obj
c:\users\b\documents\github\ics167-robocat\robocatclient\debug\hud.obj
c:\users\b\documents\github\ics167-robocat\robocatclient\debug\graphicsdriver.obj
c:\users\b\documents\github\ics167-robocat\robocatclient\debug\clientmain.obj
c:\users\b\documents\github\ics167-robocat\robocatclient\debug\client.obj
c:\users\b\documents\github\ics167-robocat\robocatclient\debug\yarnclient.obj
c:\users\b\documents\github\ics167-robocat\robocatclient\debug\speedpotionclient.obj
c:\users\b\documents\github\ics167-robocat\robocatclient\debug\healthpotionclient.obj
c:\users\b\documents\github\ics167-robocat\debug\robocatclient.ilk
c:\users\b\documents\github\ics167-robocat\debug\robocatclient.exe
c:\users\b\documents\github\ics167-robocat\debug\robocatclient.pdb
c:\users\b\documents\github\ics167-robocat\robocatclient\debug\robocatclient.tlog\cl.command.1.tlog
c:\users\b\documents\github\ics167-robocat\robocatclient\debug\robocatclient.tlog\cl.read.1.tlog
c:\users\b\documents\github\ics167-robocat\robocatclient\debug\robocatclient.tlog\cl.write.1.tlog
c:\users\b\documents\github\ics167-robocat\robocatclient\debug\robocatclient.tlog\link.command.1.tlog
c:\users\b\documents\github\ics167-robocat\robocatclient\debug\robocatclient.tlog\link.read.1.tlog
c:\users\b\documents\github\ics167-robocat\robocatclient\debug\robocatclient.tlog\link.write.1.tlog
