  RoboCatPCH.cpp
  SpeedPotion.cpp
c1xx : fatal error C1083: Cannot open source file: 'SpeedPotion.cpp': No such file or directory
  HealthPotion.cpp
  Yarn.cpp
  Engine.cpp
  GameObjectRegistry.cpp
  InputState.cpp
  MemoryBitStream.cpp
  Move.cpp
  MoveList.cpp
  NetworkManager.cpp
  RoboMath.cpp
  ScoreBoardManager.cpp
  RoboCat.cpp
  SocketAddress.cpp
  SocketAddressFactory.cpp
  SocketUtil.cpp
c:\users\b\documents\github\ics167-robocat\robocat\src\socketutil.cpp(90): warning C4100: 'ioNaxNfds': unreferenced formal parameter
  StringUtils.cpp
  TCPSocket.cpp
  Timing.cpp
  GameObject.cpp
  Generating Code...
  Compiling...
  Mouse.cpp
  UDPSocket.cpp
  World.cpp
  Generating Code...
