c:\users\b\documents\github\ics167-robocat\robocatserver\debug\robocatserver.pch
c:\users\b\documents\github\ics167-robocat\robocatserver\debug\vc141.pdb
c:\users\b\documents\github\ics167-robocat\robocatserver\debug\vc141.idb
c:\users\b\documents\github\ics167-robocat\robocatserver\debug\robocatserverpch.obj
c:\users\b\documents\github\ics167-robocat\robocatserver\debug\mouseserver.obj
c:\users\b\documents\github\ics167-robocat\robocatserver\debug\robocatserver.obj
c:\users\b\documents\github\ics167-robocat\robocatserver\debug\networkmanagerserver.obj
c:\users\b\documents\github\ics167-robocat\robocatserver\debug\servermain.obj
c:\users\b\documents\github\ics167-robocat\robocatserver\debug\server.obj
c:\users\b\documents\github\ics167-robocat\robocatserver\debug\replicationmanagerserver.obj
c:\users\b\documents\github\ics167-robocat\robocatserver\debug\clientproxy.obj
c:\users\b\documents\github\ics167-robocat\robocatserver\debug\yarnserver.obj
c:\users\b\documents\github\ics167-robocat\robocatserver\debug\speedpotionserver.obj
c:\users\b\documents\github\ics167-robocat\robocatserver\debug\healthpotionserver.obj
c:\users\b\documents\github\ics167-robocat\debug\robocatserver.ilk
c:\users\b\documents\github\ics167-robocat\debug\robocatserver.exe
c:\users\b\documents\github\ics167-robocat\debug\robocatserver.pdb
c:\users\b\documents\github\ics167-robocat\robocatserver\debug\robocatserver.tlog\cl.command.1.tlog
c:\users\b\documents\github\ics167-robocat\robocatserver\debug\robocatserver.tlog\cl.read.1.tlog
c:\users\b\documents\github\ics167-robocat\robocatserver\debug\robocatserver.tlog\cl.write.1.tlog
c:\users\b\documents\github\ics167-robocat\robocatserver\debug\robocatserver.tlog\link.command.1.tlog
c:\users\b\documents\github\ics167-robocat\robocatserver\debug\robocatserver.tlog\link.read.1.tlog
c:\users\b\documents\github\ics167-robocat\robocatserver\debug\robocatserver.tlog\link.write.1.tlog
